<?xml version="1.0" encoding="UTF-8"?>
<!-- Generated by org.testng.reporters.JUnitReportReporter -->
<testsuite hostname="PradeepChuhan" failures="0" tests="1" name="p1.HeaderSection" time="93.405" errors="0" timestamp="2024-12-20T15:45:19 IST" skipped="0">
  <testcase classname="p1.HeaderSection" name="Verify_Header_Section_button" time="93.405"/>
  <system-out/>
</testsuite> <!-- p1.HeaderSection -->
