<?xml version="1.0" encoding="UTF-8"?>
<!-- Generated by org.testng.reporters.JUnitReportReporter -->
<testsuite hostname="PradeepChuhan" failures="0" tests="1" name="verifyHeaderSection.HeaderSection" time="59.337" errors="0" timestamp="2024-12-20T15:59:40 IST" skipped="0">
  <testcase classname="verifyHeaderSection.HeaderSection" name="Verify_Header_Section_button" time="59.337"/>
  <system-out/>
</testsuite> <!-- verifyHeaderSection.HeaderSection -->
